2024-09-27 11:54:39.874  INFO 13472 --- [main] c.S.SmsCallbackRecordApplication         : Starting SmsCallbackRecordApplication using Java 1.8.0_202 on SVT-LAP-23-085 with PID 13472 (C:\Users\Naman\Desktop\SpringProjectWorkSpace\SMSCallbackRecord_practo\target\classes started by naman in C:\Users\Naman\Desktop\SpringProjectWorkSpace\SMSCallbackRecord_practo)
2024-09-27 11:54:39.889  INFO 13472 --- [main] c.S.SmsCallbackRecordApplication         : No active profile set, falling back to 1 default profile: "default"
2024-09-27 11:54:40.929  INFO 13472 --- [main] .s.d.r.c.RepositoryConfigurationDelegate : Bootstrapping Spring Data JPA repositories in DEFAULT mode.
2024-09-27 11:54:41.062  INFO 13472 --- [main] .s.d.r.c.RepositoryConfigurationDelegate : Finished Spring Data repository scanning in 107 ms. Found 4 JPA repository interfaces.
2024-09-27 11:54:41.871  INFO 13472 --- [main] o.s.b.w.embedded.tomcat.TomcatWebServer  : Tomcat initialized with port(s): 8095 (http)
2024-09-27 11:54:41.887  INFO 13472 --- [main] o.apache.catalina.core.StandardService   : Starting service [Tomcat]
2024-09-27 11:54:41.889  INFO 13472 --- [main] org.apache.catalina.core.StandardEngine  : Starting Servlet engine: [Apache Tomcat/9.0.73]
2024-09-27 11:54:42.145  INFO 13472 --- [main] o.a.c.c.C.[Tomcat].[localhost].[/]       : Initializing Spring embedded WebApplicationContext
2024-09-27 11:54:42.146  INFO 13472 --- [main] w.s.c.ServletWebServerApplicationContext : Root WebApplicationContext: initialization completed in 2135 ms
2024-09-27 11:54:42.472  INFO 13472 --- [main] o.hibernate.jpa.internal.util.LogHelper  : HHH000204: Processing PersistenceUnitInfo [name: default]
2024-09-27 11:54:42.655  INFO 13472 --- [main] org.hibernate.Version                    : HHH000412: Hibernate ORM core version 5.6.15.Final
2024-09-27 11:54:42.898  INFO 13472 --- [main] o.hibernate.annotations.common.Version   : HCANN000001: Hibernate Commons Annotations {5.1.2.Final}
2024-09-27 11:54:43.070  INFO 13472 --- [main] com.zaxxer.hikari.HikariDataSource       : HikariPool-1 - Starting...
2024-09-27 11:54:44.272  INFO 13472 --- [main] com.zaxxer.hikari.HikariDataSource       : HikariPool-1 - Start completed.
2024-09-27 11:54:44.316  INFO 13472 --- [main] org.hibernate.dialect.Dialect            : HHH000400: Using dialect: org.hibernate.dialect.MySQL5InnoDBDialect
2024-09-27 11:54:45.629  INFO 13472 --- [main] o.h.e.t.j.p.i.JtaPlatformInitiator       : HHH000490: Using JtaPlatform implementation: [org.hibernate.engine.transaction.jta.platform.internal.NoJtaPlatform]
2024-09-27 11:54:45.660  INFO 13472 --- [main] j.LocalContainerEntityManagerFactoryBean : Initialized JPA EntityManagerFactory for persistence unit 'default'
2024-09-27 11:54:46.340  WARN 13472 --- [main] JpaBaseConfiguration$JpaWebConfiguration : spring.jpa.open-in-view is enabled by default. Therefore, database queries may be performed during view rendering. Explicitly configure spring.jpa.open-in-view to disable this warning
2024-09-27 11:54:46.997  INFO 13472 --- [main] o.s.b.w.embedded.tomcat.TomcatWebServer  : Tomcat started on port(s): 8095 (http) with context path ''
2024-09-27 11:54:47.015  INFO 13472 --- [main] c.S.SmsCallbackRecordApplication         : Started SmsCallbackRecordApplication in 7.931 seconds (JVM running for 9.388)
2024-09-27 11:54:47.126  INFO 13472 --- [scheduling-1] com.SmsCallback.Service.SchedularClass   : No More Callback Left to call
2024-09-27 11:54:48.148  INFO 13472 --- [scheduling-1] com.SmsCallback.Service.SchedularClass   : No More Callback Left to call
2024-09-27 11:54:49.165  INFO 13472 --- [scheduling-1] com.SmsCallback.Service.SchedularClass   : No More Callback Left to call
2024-09-27 11:54:50.183  INFO 13472 --- [scheduling-1] com.SmsCallback.Service.SchedularClass   : No More Callback Left to call
2024-09-27 11:54:51.199  INFO 13472 --- [scheduling-1] com.SmsCallback.Service.SchedularClass   : No More Callback Left to call
2024-09-27 11:54:52.225  INFO 13472 --- [scheduling-1] com.SmsCallback.Service.SchedularClass   : No More Callback Left to call
2024-09-27 11:54:53.254  INFO 13472 --- [scheduling-1] com.SmsCallback.Service.SchedularClass   : No More Callback Left to call
2024-09-27 11:54:54.269  INFO 13472 --- [scheduling-1] com.SmsCallback.Service.SchedularClass   : No More Callback Left to call
2024-09-27 11:54:55.296  INFO 13472 --- [scheduling-1] com.SmsCallback.Service.SchedularClass   : No More Callback Left to call
2024-09-27 11:54:56.318  INFO 13472 --- [scheduling-1] com.SmsCallback.Service.SchedularClass   : No More Callback Left to call
2024-09-27 11:54:57.334  INFO 13472 --- [scheduling-1] com.SmsCallback.Service.SchedularClass   : No More Callback Left to call
2024-09-27 11:54:57.624  INFO 13472 --- [RMI TCP Connection(2)-127.0.0.1] inMXBeanRegistrar$SpringApplicationAdmin : Application shutdown requested.
2024-09-27 11:54:58.146  INFO 13472 --- [RMI TCP Connection(2)-127.0.0.1] o.apache.catalina.core.StandardService   : Stopping service [Tomcat]
2024-09-27 11:54:58.163  INFO 13472 --- [RMI TCP Connection(2)-127.0.0.1] j.LocalContainerEntityManagerFactoryBean : Closing JPA EntityManagerFactory for persistence unit 'default'
2024-09-27 11:54:58.167  INFO 13472 --- [RMI TCP Connection(2)-127.0.0.1] com.zaxxer.hikari.HikariDataSource       : HikariPool-1 - Shutdown initiated...
2024-09-27 11:54:58.185  INFO 13472 --- [RMI TCP Connection(2)-127.0.0.1] com.zaxxer.hikari.HikariDataSource       : HikariPool-1 - Shutdown completed.
2024-09-27 11:57:22.115  INFO 14056 --- [main] c.S.SmsCallbackRecordApplication         : Starting SmsCallbackRecordApplication using Java 1.8.0_202 on SVT-LAP-23-085 with PID 14056 (C:\Users\Naman\Desktop\SpringProjectWorkSpace\SMSCallbackRecord_practo\target\classes started by naman in C:\Users\Naman\Desktop\SpringProjectWorkSpace\SMSCallbackRecord_practo)
2024-09-27 11:57:22.123  INFO 14056 --- [main] c.S.SmsCallbackRecordApplication         : No active profile set, falling back to 1 default profile: "default"
2024-09-27 11:57:23.316  INFO 14056 --- [main] .s.d.r.c.RepositoryConfigurationDelegate : Bootstrapping Spring Data JPA repositories in DEFAULT mode.
2024-09-27 11:57:23.430  INFO 14056 --- [main] .s.d.r.c.RepositoryConfigurationDelegate : Finished Spring Data repository scanning in 97 ms. Found 4 JPA repository interfaces.
2024-09-27 11:57:24.280  INFO 14056 --- [main] o.s.b.w.embedded.tomcat.TomcatWebServer  : Tomcat initialized with port(s): 8095 (http)
2024-09-27 11:57:24.301  INFO 14056 --- [main] o.apache.catalina.core.StandardService   : Starting service [Tomcat]
2024-09-27 11:57:24.302  INFO 14056 --- [main] org.apache.catalina.core.StandardEngine  : Starting Servlet engine: [Apache Tomcat/9.0.73]
2024-09-27 11:57:24.575  INFO 14056 --- [main] o.a.c.c.C.[Tomcat].[localhost].[/]       : Initializing Spring embedded WebApplicationContext
2024-09-27 11:57:24.576  INFO 14056 --- [main] w.s.c.ServletWebServerApplicationContext : Root WebApplicationContext: initialization completed in 2318 ms
2024-09-27 11:57:24.906  INFO 14056 --- [main] o.hibernate.jpa.internal.util.LogHelper  : HHH000204: Processing PersistenceUnitInfo [name: default]
2024-09-27 11:57:25.138  INFO 14056 --- [main] org.hibernate.Version                    : HHH000412: Hibernate ORM core version 5.6.15.Final
2024-09-27 11:57:25.445  INFO 14056 --- [main] o.hibernate.annotations.common.Version   : HCANN000001: Hibernate Commons Annotations {5.1.2.Final}
2024-09-27 11:57:25.662  INFO 14056 --- [main] com.zaxxer.hikari.HikariDataSource       : HikariPool-1 - Starting...
2024-09-27 11:57:26.608  INFO 14056 --- [main] com.zaxxer.hikari.HikariDataSource       : HikariPool-1 - Start completed.
2024-09-27 11:57:26.644  INFO 14056 --- [main] org.hibernate.dialect.Dialect            : HHH000400: Using dialect: org.hibernate.dialect.MySQL5InnoDBDialect
2024-09-27 11:57:27.751  INFO 14056 --- [main] o.h.e.t.j.p.i.JtaPlatformInitiator       : HHH000490: Using JtaPlatform implementation: [org.hibernate.engine.transaction.jta.platform.internal.NoJtaPlatform]
2024-09-27 11:57:27.777  INFO 14056 --- [main] j.LocalContainerEntityManagerFactoryBean : Initialized JPA EntityManagerFactory for persistence unit 'default'
2024-09-27 11:57:28.555  WARN 14056 --- [main] JpaBaseConfiguration$JpaWebConfiguration : spring.jpa.open-in-view is enabled by default. Therefore, database queries may be performed during view rendering. Explicitly configure spring.jpa.open-in-view to disable this warning
2024-09-27 11:57:29.217  INFO 14056 --- [main] o.s.b.w.embedded.tomcat.TomcatWebServer  : Tomcat started on port(s): 8095 (http) with context path ''
2024-09-27 11:57:29.235  INFO 14056 --- [main] c.S.SmsCallbackRecordApplication         : Started SmsCallbackRecordApplication in 8.066 seconds (JVM running for 9.63)
2024-09-27 11:57:33.953  INFO 14056 --- [RMI TCP Connection(2)-127.0.0.1] inMXBeanRegistrar$SpringApplicationAdmin : Application shutdown requested.
2024-09-27 11:57:34.474  INFO 14056 --- [RMI TCP Connection(2)-127.0.0.1] o.apache.catalina.core.StandardService   : Stopping service [Tomcat]
2024-09-27 11:57:34.491  INFO 14056 --- [RMI TCP Connection(2)-127.0.0.1] j.LocalContainerEntityManagerFactoryBean : Closing JPA EntityManagerFactory for persistence unit 'default'
2024-09-27 11:57:34.495  INFO 14056 --- [RMI TCP Connection(2)-127.0.0.1] com.zaxxer.hikari.HikariDataSource       : HikariPool-1 - Shutdown initiated...
2024-09-27 11:57:34.512  INFO 14056 --- [RMI TCP Connection(2)-127.0.0.1] com.zaxxer.hikari.HikariDataSource       : HikariPool-1 - Shutdown completed.
